<?xml version="1.0" encoding="utf-8"?><testsuites name="pytest tests"><testsuite name="pytest" errors="0" failures="1" skipped="0" tests="18" time="14.742" timestamp="2026-05-12T21:11:33.163902+00:00" hostname="agent-env-c04e5d29-2409-4c3c-a381-e11d0d0fffc3"><testcase classname="backend.tests.test_cenadep_api.TestHealth" name="test_root" time="5.859" /><testcase classname="backend.tests.test_cenadep_api.TestBlog" name="test_list_posts" time="0.086" /><testcase classname="backend.tests.test_cenadep_api.TestBlog" name="test_get_single_post" time="0.069" /><testcase classname="backend.tests.test_cenadep_api.TestBlog" name="test_get_missing_post" time="0.070" /><testcase classname="backend.tests.test_cenadep_api.TestAuth" name="test_login_success" time="0.585" /><testcase classname="backend.tests.test_cenadep_api.TestAuth" name="test_login_invalid" time="0.465" /><testcase classname="backend.tests.test_cenadep_api.TestAuth" name="test_me_requires_auth" time="0.069" /><testcase classname="backend.tests.test_cenadep_api.TestAuth" name="test_me_ok" time="0.585" /><testcase classname="backend.tests.test_cenadep_api.TestAdminBlogCRUD" name="test_unauth_post_blocked" time="0.072" /><testcase classname="backend.tests.test_cenadep_api.TestAdminBlogCRUD" name="test_unauth_put_blocked" time="0.072" /><testcase classname="backend.tests.test_cenadep_api.TestAdminBlogCRUD" name="test_unauth_delete_blocked" time="0.072" /><testcase classname="backend.tests.test_cenadep_api.TestAdminBlogCRUD" name="test_create_update_delete" time="0.433" /><testcase classname="backend.tests.test_cenadep_api.TestContact" name="test_post_contact" time="0.083" /><testcase classname="backend.tests.test_cenadep_api.TestChat" name="test_chat_fr" time="2.252" /><testcase classname="backend.tests.test_cenadep_api.TestBlogSummary" name="test_summary_fr" time="1.217" /><testcase classname="backend.tests.test_cenadep_api.TestDonations" name="test_checkout_package" time="1.287"><failure message="assert 500 == 200&#10; +  where 500 = &lt;Response [500]&gt;.status_code">backend/tests/test_cenadep_api.py:212: in test_checkout_package
    assert rs.status_code == 200
E   assert 500 == 200
E    +  where 500 = &lt;Response [500]&gt;.status_code</failure></testcase><testcase classname="backend.tests.test_cenadep_api.TestDonations" name="test_checkout_custom" time="0.497" /><testcase classname="backend.tests.test_cenadep_api.TestDonations" name="test_checkout_invalid" time="0.071" /></testsuite></testsuites>