<?xml version="1.0" encoding="utf-8"?><testsuites name="pytest tests"><testsuite name="pytest" errors="0" failures="0" skipped="0" tests="30" time="13.459" timestamp="2026-05-13T09:45:06.647871+00:00" hostname="agent-env-c04e5d29-2409-4c3c-a381-e11d0d0fffc3"><testcase classname="backend.tests.test_cenadep_api.TestHealth" name="test_root" time="2.496" /><testcase classname="backend.tests.test_cenadep_api.TestBlog" name="test_list_posts" time="0.058" /><testcase classname="backend.tests.test_cenadep_api.TestBlog" name="test_get_single_post" time="0.065" /><testcase classname="backend.tests.test_cenadep_api.TestBlog" name="test_get_missing_post" time="0.051" /><testcase classname="backend.tests.test_cenadep_api.TestAuth" name="test_login_success" time="0.488" /><testcase classname="backend.tests.test_cenadep_api.TestAuth" name="test_login_invalid" time="1.392" /><testcase classname="backend.tests.test_cenadep_api.TestAuth" name="test_me_requires_auth" time="0.050" /><testcase classname="backend.tests.test_cenadep_api.TestAuth" name="test_me_ok" time="0.462" /><testcase classname="backend.tests.test_cenadep_api.TestAdminBlogCRUD" name="test_unauth_post_blocked" time="0.055" /><testcase classname="backend.tests.test_cenadep_api.TestAdminBlogCRUD" name="test_unauth_put_blocked" time="0.055" /><testcase classname="backend.tests.test_cenadep_api.TestAdminBlogCRUD" name="test_unauth_delete_blocked" time="0.054" /><testcase classname="backend.tests.test_cenadep_api.TestAdminBlogCRUD" name="test_create_update_delete" time="0.313" /><testcase classname="backend.tests.test_cenadep_api.TestContact" name="test_post_contact" time="0.051" /><testcase classname="backend.tests.test_cenadep_api.TestChat" name="test_chat_fr" time="3.145" /><testcase classname="backend.tests.test_cenadep_api.TestBlogSummary" name="test_summary_fr" time="1.160" /><testcase classname="backend.tests.test_cenadep_api.TestDonations" name="test_checkout_package" time="1.074" /><testcase classname="backend.tests.test_cenadep_api.TestDonations" name="test_checkout_custom" time="0.438" /><testcase classname="backend.tests.test_cenadep_api.TestDonations" name="test_checkout_invalid" time="0.155" /><testcase classname="backend.tests.test_cenadep_api.TestDonations" name="test_status_fallback_unknown_session" time="0.250" /><testcase classname="backend.tests.test_cenadep_api.TestNewsletter" name="test_subscribe_first_time" time="0.064" /><testcase classname="backend.tests.test_cenadep_api.TestNewsletter" name="test_subscribe_idempotent_pending" time="0.055" /><testcase classname="backend.tests.test_cenadep_api.TestNewsletter" name="test_confirm_invalid_token" time="0.055" /><testcase classname="backend.tests.test_cenadep_api.TestNewsletter" name="test_admin_list_subscribers_requires_auth" time="0.052" /><testcase classname="backend.tests.test_cenadep_api.TestNewsletter" name="test_admin_list_subscribers" time="0.054" /><testcase classname="backend.tests.test_cenadep_api.TestNewsletter" name="test_confirm_valid_token" time="0.115" /><testcase classname="backend.tests.test_cenadep_api.TestNewsletter" name="test_subscribe_after_confirmed" time="0.051" /><testcase classname="backend.tests.test_cenadep_api.TestNewsletter" name="test_admin_export_csv_requires_auth" time="0.049" /><testcase classname="backend.tests.test_cenadep_api.TestNewsletter" name="test_admin_export_csv" time="0.054" /><testcase classname="backend.tests.test_cenadep_api.TestSitemap" name="test_sitemap_xml" time="0.070" /><testcase classname="backend.tests.test_cenadep_api.TestContactNoResend" name="test_contact_still_200_when_resend_empty" time="0.053" /></testsuite></testsuites>